<?xml version="1.0" encoding="UTF-8"?>
<testng-results skipped="0" failed="0" ignored="0" total="1" passed="1">
  <reporter-output>
  </reporter-output>
  <suite name="Default suite" duration-ms="33" started-at="2022-02-16T10:14:32Z" finished-at="2022-02-16T10:14:32Z">
    <groups>
    </groups>
    <test name="Default test" duration-ms="33" started-at="2022-02-16T10:14:32Z" finished-at="2022-02-16T10:14:32Z">
      <class name="e2eTesting.Demo">
        <test-method status="PASS" signature="demo()[pri:0, instance:e2eTesting.Demo@4b9e13df]" name="demo" duration-ms="0" started-at="2022-02-16T10:14:32Z" finished-at="2022-02-16T10:14:32Z">
          <reporter-output>
          </reporter-output>
        </test-method> <!-- demo -->
      </class> <!-- e2eTesting.Demo -->
    </test> <!-- Default test -->
  </suite> <!-- Default suite -->
</testng-results>
