<?xml version="1.0" encoding="UTF-8"?>
<!-- Generated by org.testng.reporters.JUnitXMLReporter -->
<testsuite hostname="DESKTOP-D9K9090" ignored="0" name="Test" tests="7" failures="0" timestamp="15 Feb 2022 16:34:21 GMT" time="0.031" errors="0">
  <testcase name="apiLoginTest" time="0.0" classname="mavenPackage.ApiTest"/>
  <testcase name="data" time="0.0" classname="mavenPackage.ApiTest"/>
  <testcase name="demo" time="0.0" classname="mavenPackage.Selenium"/>
  <testcase name="dummy" time="0.0" classname="mavenPackage.Selenium"/>
  <testcase name="dummy" time="0.0" classname="mavenPackage.Selenium"/>
  <testcase name="dummy" time="0.0" classname="mavenPackage.Selenium"/>
  <testcase name="webLoginTest" time="0.0" classname="mavenPackage.Selenium"/>
</testsuite> <!-- Test -->
